Traceback (most recent call last):
  File "/home/olom/ownCloud/dev/python/keepupthepaceMD/kivy_venv/lib/python3.7/site-packages/kivy/lang/builder.py", line 249, in create_handler
    return eval(value, idmap), bound_list
  File "<string>", line 22, in <module>
NameError: name 'content' is not defined

During handling of the above exception, another exception occurred:

Traceback (most recent call last):
  File "/home/olom/ownCloud/dev/python/keepupthepaceMD/kivy_venv/lib/python3.7/site-packages/kivy/lang/builder.py", line 692, in _apply_rule
    rctx['ids'])
  File "/home/olom/ownCloud/dev/python/keepupthepaceMD/kivy_venv/lib/python3.7/site-packages/kivy/lang/builder.py", line 254, in create_handler
    cause=tb)
kivy.lang.builder.BuilderException: Parser: File "<inline>", line 22:
...
     20:    size_hint: 0.5, None
     21:    #size: '150dp', '150dp'
>>   22:    height: content.height
     23:    pos_hint: {"center_x": .5, "center_y": .5}
     24:
...
NameError: name 'content' is not defined
  File "/home/olom/ownCloud/dev/python/keepupthepaceMD/kivy_venv/lib/python3.7/site-packages/kivy/lang/builder.py", line 249, in create_handler
    return eval(value, idmap), bound_list
  File "<string>", line 22, in <module>


During handling of the above exception, another exception occurred:

Traceback (most recent call last):
  File "main.py", line 64, in main
    app.run()
  File "/home/olom/ownCloud/dev/python/keepupthepaceMD/kivy_venv/lib/python3.7/site-packages/kivy/app.py", line 829, in run
    root = self.build()
  File "/home/olom/ownCloud/dev/python/keepupthepaceMD/keepupthepacemd.py", line 176, in build
    self.screen = StartScreen()
  File "/home/olom/ownCloud/dev/python/keepupthepaceMD/kivy_venv/lib/python3.7/site-packages/kivy/uix/floatlayout.py", line 65, in __init__
    super(FloatLayout, self).__init__(**kwargs)
  File "/home/olom/ownCloud/dev/python/keepupthepaceMD/kivy_venv/lib/python3.7/site-packages/kivy/uix/layout.py", line 76, in __init__
    super(Layout, self).__init__(**kwargs)
  File "/home/olom/ownCloud/dev/python/keepupthepaceMD/kivy_venv/lib/python3.7/site-packages/kivy/uix/widget.py", line 361, in __init__
    rule_children=rule_children)
  File "/home/olom/ownCloud/dev/python/keepupthepaceMD/kivy_venv/lib/python3.7/site-packages/kivy/uix/widget.py", line 469, in apply_class_lang_rules
    rule_children=rule_children)
  File "/home/olom/ownCloud/dev/python/keepupthepaceMD/kivy_venv/lib/python3.7/site-packages/kivy/lang/builder.py", line 538, in apply
    rule_children=rule_children)
  File "/home/olom/ownCloud/dev/python/keepupthepaceMD/kivy_venv/lib/python3.7/site-packages/kivy/lang/builder.py", line 659, in _apply_rule
    child, crule, rootrule, rule_children=rule_children)
  File "/home/olom/ownCloud/dev/python/keepupthepaceMD/kivy_venv/lib/python3.7/site-packages/kivy/lang/builder.py", line 657, in _apply_rule
    root=rctx['ids']['root'], rule_children=rule_children)
  File "/home/olom/ownCloud/dev/python/keepupthepaceMD/kivy_venv/lib/python3.7/site-packages/kivy/uix/widget.py", line 469, in apply_class_lang_rules
    rule_children=rule_children)
  File "/home/olom/ownCloud/dev/python/keepupthepaceMD/kivy_venv/lib/python3.7/site-packages/kivy/lang/builder.py", line 538, in apply
    rule_children=rule_children)
  File "/home/olom/ownCloud/dev/python/keepupthepaceMD/kivy_venv/lib/python3.7/site-packages/kivy/lang/builder.py", line 659, in _apply_rule
    child, crule, rootrule, rule_children=rule_children)
  File "/home/olom/ownCloud/dev/python/keepupthepaceMD/kivy_venv/lib/python3.7/site-packages/kivy/lang/builder.py", line 657, in _apply_rule
    root=rctx['ids']['root'], rule_children=rule_children)
  File "/home/olom/ownCloud/dev/python/keepupthepaceMD/kivy_venv/lib/python3.7/site-packages/kivy/uix/widget.py", line 469, in apply_class_lang_rules
    rule_children=rule_children)
  File "/home/olom/ownCloud/dev/python/keepupthepaceMD/kivy_venv/lib/python3.7/site-packages/kivy/lang/builder.py", line 538, in apply
    rule_children=rule_children)
  File "/home/olom/ownCloud/dev/python/keepupthepaceMD/kivy_venv/lib/python3.7/site-packages/kivy/lang/builder.py", line 707, in _apply_rule
    e), cause=tb)
kivy.lang.builder.BuilderException: Parser: File "<inline>", line 22:
...
     20:    size_hint: 0.5, None
     21:    #size: '150dp', '150dp'
>>   22:    height: content.height
     23:    pos_hint: {"center_x": .5, "center_y": .5}
     24:
...
BuilderException: Parser: File "<inline>", line 22:
...
     20:    size_hint: 0.5, None
     21:    #size: '150dp', '150dp'
>>   22:    height: content.height
     23:    pos_hint: {"center_x": .5, "center_y": .5}
     24:
...
NameError: name 'content' is not defined
  File "/home/olom/ownCloud/dev/python/keepupthepaceMD/kivy_venv/lib/python3.7/site-packages/kivy/lang/builder.py", line 249, in create_handler
    return eval(value, idmap), bound_list
  File "<string>", line 22, in <module>

  File "/home/olom/ownCloud/dev/python/keepupthepaceMD/kivy_venv/lib/python3.7/site-packages/kivy/lang/builder.py", line 692, in _apply_rule
    rctx['ids'])
  File "/home/olom/ownCloud/dev/python/keepupthepaceMD/kivy_venv/lib/python3.7/site-packages/kivy/lang/builder.py", line 254, in create_handler
    cause=tb)

